{"D:\\Atalhos\\UNIFESP\\01 Semestre\\Teste de Software\\Aula 03\\Exercicio\\sillyPascal\\src\\imposto-renda.ts": {"path":"D:\\Atalhos\\UNIFESP\\01 Semestre\\Teste de Software\\Aula 03\\Exercicio\\sillyPascal\\src\\imposto-renda.ts","statementMap":{"0":{"start":{"line":1,"column":0},"end":{"line":1,"column":57}},"1":{"start":{"line":2,"column":0},"end":{"line":2,"column":69}},"2":{"start":{"line":3,"column":0},"end":{"line":3,"column":69}},"3":{"start":{"line":4,"column":0},"end":{"line":4,"column":36}},"4":{"start":{"line":5,"column":0},"end":{"line":5,"column":0}},"5":{"start":{"line":6,"column":0},"end":{"line":6,"column":53}},"6":{"start":{"line":7,"column":0},"end":{"line":7,"column":23}},"7":{"start":{"line":8,"column":0},"end":{"line":8,"column":46}},"8":{"start":{"line":9,"column":0},"end":{"line":9,"column":38}},"9":{"start":{"line":10,"column":0},"end":{"line":10,"column":3}},"10":{"start":{"line":11,"column":0},"end":{"line":11,"column":25}},"11":{"start":{"line":12,"column":0},"end":{"line":12,"column":44}},"12":{"start":{"line":13,"column":0},"end":{"line":13,"column":3}},"13":{"start":{"line":14,"column":0},"end":{"line":14,"column":25}},"14":{"start":{"line":15,"column":0},"end":{"line":15,"column":38}},"15":{"start":{"line":16,"column":0},"end":{"line":16,"column":3}},"16":{"start":{"line":17,"column":0},"end":{"line":17,"column":12}},"17":{"start":{"line":18,"column":0},"end":{"line":18,"column":1}}},"s":{"0":1,"1":1,"2":1,"3":1,"4":1,"5":7,"6":7,"7":7,"8":1,"9":1,"10":7,"11":3,"12":3,"13":7,"14":2,"15":2,"16":7,"17":7},"branchMap":{"0":{"type":"branch","line":18,"loc":{"start":{"line":18,"column":1},"end":{"line":18,"column":1}},"locations":[{"start":{"line":18,"column":1},"end":{"line":18,"column":1}}]},"1":{"type":"branch","line":6,"loc":{"start":{"line":6,"column":0},"end":{"line":18,"column":1}},"locations":[{"start":{"line":6,"column":0},"end":{"line":18,"column":1}}]},"2":{"type":"branch","line":8,"loc":{"start":{"line":8,"column":22},"end":{"line":8,"column":43}},"locations":[{"start":{"line":8,"column":22},"end":{"line":8,"column":43}}]},"3":{"type":"branch","line":8,"loc":{"start":{"line":8,"column":45},"end":{"line":10,"column":3}},"locations":[{"start":{"line":8,"column":45},"end":{"line":10,"column":3}}]},"4":{"type":"branch","line":11,"loc":{"start":{"line":11,"column":24},"end":{"line":13,"column":3}},"locations":[{"start":{"line":11,"column":24},"end":{"line":13,"column":3}}]},"5":{"type":"branch","line":14,"loc":{"start":{"line":14,"column":24},"end":{"line":16,"column":3}},"locations":[{"start":{"line":14,"column":24},"end":{"line":16,"column":3}}]}},"b":{"0":[1],"1":[7],"2":[4],"3":[1],"4":[3],"5":[2]},"fnMap":{"0":{"name":"calculaIR","decl":{"start":{"line":6,"column":0},"end":{"line":18,"column":1}},"loc":{"start":{"line":6,"column":0},"end":{"line":18,"column":1}},"line":6}},"f":{"0":7}}
}
